{"/home/oliver/Documents/softwareengineering/2026-group-19/src/config/level_factory.js": {"path":"/home/oliver/Documents/softwareengineering/2026-group-19/src/config/level_factory.js","statementMap":{"0":{"start":{"line":1,"column":18},"end":{"line":1,"column":20}},"1":{"start":{"line":2,"column":18},"end":{"line":2,"column":20}},"2":{"start":{"line":8,"column":28},"end":{"line":8,"column":57}},"3":{"start":{"line":9,"column":28},"end":{"line":9,"column":57}},"4":{"start":{"line":12,"column":18},"end":{"line":12,"column":23}},"5":{"start":{"line":13,"column":18},"end":{"line":13,"column":24}},"6":{"start":{"line":15,"column":35},"end":{"line":15,"column":99}},"7":{"start":{"line":17,"column":24},"end":{"line":21,"column":9}},"8":{"start":{"line":24,"column":8},"end":{"line":24,"column":79}},"9":{"start":{"line":25,"column":8},"end":{"line":25,"column":83}},"10":{"start":{"line":26,"column":8},"end":{"line":26,"column":90}},"11":{"start":{"line":27,"column":8},"end":{"line":27,"column":82}},"12":{"start":{"line":28,"column":8},"end":{"line":28,"column":85}},"13":{"start":{"line":29,"column":8},"end":{"line":29,"column":81}},"14":{"start":{"line":30,"column":8},"end":{"line":30,"column":88}},"15":{"start":{"line":31,"column":8},"end":{"line":31,"column":90}},"16":{"start":{"line":32,"column":8},"end":{"line":32,"column":91}},"17":{"start":{"line":33,"column":8},"end":{"line":33,"column":85}},"18":{"start":{"line":34,"column":8},"end":{"line":34,"column":85}},"19":{"start":{"line":35,"column":8},"end":{"line":35,"column":91}},"20":{"start":{"line":37,"column":8},"end":{"line":49,"column":10}},"21":{"start":{"line":53,"column":8},"end":{"line":59,"column":11}},"22":{"start":{"line":54,"column":27},"end":{"line":54,"column":67}},"23":{"start":{"line":55,"column":27},"end":{"line":55,"column":67}},"24":{"start":{"line":56,"column":27},"end":{"line":56,"column":78}},"25":{"start":{"line":57,"column":27},"end":{"line":57,"column":78}},"26":{"start":{"line":58,"column":12},"end":{"line":58,"column":86}},"27":{"start":{"line":63,"column":0},"end":{"line":63,"column":91}},"28":{"start":{"line":63,"column":35},"end":{"line":63,"column":91}}},"fnMap":{"0":{"name":"(anonymous_0)","decl":{"start":{"line":8,"column":4},"end":{"line":8,"column":5}},"loc":{"start":{"line":8,"column":26},"end":{"line":8,"column":59}},"line":8},"1":{"name":"(anonymous_1)","decl":{"start":{"line":9,"column":4},"end":{"line":9,"column":5}},"loc":{"start":{"line":9,"column":26},"end":{"line":9,"column":59}},"line":9},"2":{"name":"(anonymous_2)","decl":{"start":{"line":11,"column":4},"end":{"line":11,"column":5}},"loc":{"start":{"line":11,"column":53},"end":{"line":50,"column":5}},"line":11},"3":{"name":"(anonymous_3)","decl":{"start":{"line":52,"column":4},"end":{"line":52,"column":5}},"loc":{"start":{"line":52,"column":39},"end":{"line":60,"column":5}},"line":52},"4":{"name":"(anonymous_4)","decl":{"start":{"line":53,"column":29},"end":{"line":53,"column":30}},"loc":{"start":{"line":53,"column":34},"end":{"line":59,"column":9}},"line":53}},"branchMap":{"0":{"loc":{"start":{"line":11,"column":27},"end":{"line":11,"column":51}},"type":"default-arg","locations":[{"start":{"line":11,"column":43},"end":{"line":11,"column":51}}],"line":11},"1":{"loc":{"start":{"line":15,"column":35},"end":{"line":15,"column":99}},"type":"binary-expr","locations":[{"start":{"line":15,"column":35},"end":{"line":15,"column":69}},{"start":{"line":15,"column":73},"end":{"line":15,"column":99}}],"line":15},"2":{"loc":{"start":{"line":19,"column":16},"end":{"line":19,"column":38}},"type":"binary-expr","locations":[{"start":{"line":19,"column":16},"end":{"line":19,"column":32}},{"start":{"line":19,"column":36},"end":{"line":19,"column":38}}],"line":19},"3":{"loc":{"start":{"line":63,"column":0},"end":{"line":63,"column":91}},"type":"if","locations":[{"start":{"line":63,"column":0},"end":{"line":63,"column":91}},{"start":{},"end":{}}],"line":63}},"s":{"0":1,"1":1,"2":88,"3":104,"4":8,"5":8,"6":8,"7":8,"8":8,"9":8,"10":8,"11":8,"12":8,"13":8,"14":8,"15":8,"16":8,"17":8,"18":8,"19":8,"20":8,"21":15,"22":16,"23":16,"24":16,"25":16,"26":16,"27":1,"28":1},"f":{"0":88,"1":104,"2":8,"3":15,"4":16},"b":{"0":[1],"1":[8,1],"2":[8,7],"3":[1,0]},"_coverageSchema":"1a1c01bbd47fc00a2c39e90264f33305004495a9","hash":"b2addfe83c8747643291d1d5ed16e955eb8e64da"}
,"/home/oliver/Documents/softwareengineering/2026-group-19/src/config/level_templates.js": {"path":"/home/oliver/Documents/softwareengineering/2026-group-19/src/config/level_templates.js","statementMap":{"0":{"start":{"line":1,"column":23},"end":{"line":72,"column":1}},"1":{"start":{"line":74,"column":0},"end":{"line":74,"column":71}},"2":{"start":{"line":74,"column":35},"end":{"line":74,"column":71}}},"fnMap":{},"branchMap":{"0":{"loc":{"start":{"line":74,"column":0},"end":{"line":74,"column":71}},"type":"if","locations":[{"start":{"line":74,"column":0},"end":{"line":74,"column":71}},{"start":{},"end":{}}],"line":74}},"s":{"0":1,"1":1,"2":1},"f":{},"b":{"0":[1,0]},"_coverageSchema":"1a1c01bbd47fc00a2c39e90264f33305004495a9","hash":"09bbcef6696e48468d84ee42e4414a1adf645d5a"}
,"/home/oliver/Documents/softwareengineering/2026-group-19/src/ecs/ecs.js": {"path":"/home/oliver/Documents/softwareengineering/2026-group-19/src/ecs/ecs.js","statementMap":{"0":{"start":{"line":4,"column":8},"end":{"line":4,"column":30}},"1":{"start":{"line":16,"column":8},"end":{"line":16,"column":36}},"2":{"start":{"line":17,"column":8},"end":{"line":17,"column":28}},"3":{"start":{"line":21,"column":8},"end":{"line":23,"column":9}},"4":{"start":{"line":22,"column":12},"end":{"line":22,"column":30}},"5":{"start":{"line":27,"column":8},"end":{"line":27,"column":35}},"6":{"start":{"line":31,"column":8},"end":{"line":33,"column":9}},"7":{"start":{"line":32,"column":12},"end":{"line":32,"column":37}},"8":{"start":{"line":42,"column":26},"end":{"line":42,"column":47}},"9":{"start":{"line":44,"column":8},"end":{"line":46,"column":9}},"10":{"start":{"line":45,"column":12},"end":{"line":45,"column":54}},"11":{"start":{"line":47,"column":8},"end":{"line":47,"column":64}},"12":{"start":{"line":52,"column":24},"end":{"line":52,"column":54}},"13":{"start":{"line":53,"column":8},"end":{"line":55,"column":9}},"14":{"start":{"line":54,"column":12},"end":{"line":54,"column":37}},"15":{"start":{"line":63,"column":24},"end":{"line":63,"column":54}},"16":{"start":{"line":64,"column":8},"end":{"line":64,"column":54}},"17":{"start":{"line":75,"column":30},"end":{"line":77,"column":9}},"18":{"start":{"line":76,"column":12},"end":{"line":76,"column":55}},"19":{"start":{"line":79,"column":8},"end":{"line":81,"column":9}},"20":{"start":{"line":80,"column":12},"end":{"line":80,"column":22}},"21":{"start":{"line":84,"column":35},"end":{"line":84,"column":63}},"22":{"start":{"line":85,"column":34},"end":{"line":87,"column":9}},"23":{"start":{"line":86,"column":12},"end":{"line":86,"column":57}},"24":{"start":{"line":86,"column":39},"end":{"line":86,"column":56}},"25":{"start":{"line":90,"column":8},"end":{"line":90,"column":33}},"26":{"start":{"line":94,"column":8},"end":{"line":94,"column":64}},"27":{"start":{"line":94,"column":38},"end":{"line":94,"column":62}},"28":{"start":{"line":99,"column":8},"end":{"line":99,"column":32}},"29":{"start":{"line":100,"column":8},"end":{"line":100,"column":30}},"30":{"start":{"line":104,"column":0},"end":{"line":104,"column":60}},"31":{"start":{"line":104,"column":35},"end":{"line":104,"column":60}}},"fnMap":{"0":{"name":"(anonymous_0)","decl":{"start":{"line":2,"column":4},"end":{"line":2,"column":5}},"loc":{"start":{"line":2,"column":18},"end":{"line":18,"column":5}},"line":2},"1":{"name":"(anonymous_1)","decl":{"start":{"line":20,"column":4},"end":{"line":20,"column":5}},"loc":{"start":{"line":20,"column":15},"end":{"line":24,"column":5}},"line":20},"2":{"name":"(anonymous_2)","decl":{"start":{"line":26,"column":4},"end":{"line":26,"column":5}},"loc":{"start":{"line":26,"column":19},"end":{"line":28,"column":5}},"line":26},"3":{"name":"(anonymous_3)","decl":{"start":{"line":30,"column":4},"end":{"line":30,"column":5}},"loc":{"start":{"line":30,"column":27},"end":{"line":34,"column":5}},"line":30},"4":{"name":"(anonymous_4)","decl":{"start":{"line":36,"column":4},"end":{"line":36,"column":5}},"loc":{"start":{"line":36,"column":38},"end":{"line":48,"column":5}},"line":36},"5":{"name":"(anonymous_5)","decl":{"start":{"line":51,"column":4},"end":{"line":51,"column":5}},"loc":{"start":{"line":51,"column":41},"end":{"line":57,"column":5}},"line":51},"6":{"name":"(anonymous_6)","decl":{"start":{"line":59,"column":4},"end":{"line":59,"column":5}},"loc":{"start":{"line":59,"column":38},"end":{"line":65,"column":5}},"line":59},"7":{"name":"(anonymous_7)","decl":{"start":{"line":67,"column":4},"end":{"line":67,"column":5}},"loc":{"start":{"line":67,"column":36},"end":{"line":91,"column":5}},"line":67},"8":{"name":"(anonymous_8)","decl":{"start":{"line":75,"column":46},"end":{"line":75,"column":47}},"loc":{"start":{"line":76,"column":12},"end":{"line":76,"column":55}},"line":76},"9":{"name":"(anonymous_9)","decl":{"start":{"line":85,"column":60},"end":{"line":85,"column":61}},"loc":{"start":{"line":86,"column":12},"end":{"line":86,"column":57}},"line":86},"10":{"name":"(anonymous_10)","decl":{"start":{"line":86,"column":32},"end":{"line":86,"column":33}},"loc":{"start":{"line":86,"column":39},"end":{"line":86,"column":56}},"line":86},"11":{"name":"(anonymous_11)","decl":{"start":{"line":93,"column":4},"end":{"line":93,"column":5}},"loc":{"start":{"line":93,"column":27},"end":{"line":95,"column":5}},"line":93},"12":{"name":"(anonymous_12)","decl":{"start":{"line":94,"column":33},"end":{"line":94,"column":34}},"loc":{"start":{"line":94,"column":38},"end":{"line":94,"column":62}},"line":94},"13":{"name":"(anonymous_13)","decl":{"start":{"line":98,"column":4},"end":{"line":98,"column":5}},"loc":{"start":{"line":98,"column":12},"end":{"line":101,"column":5}},"line":98}},"branchMap":{"0":{"loc":{"start":{"line":44,"column":8},"end":{"line":46,"column":9}},"type":"if","locations":[{"start":{"line":44,"column":8},"end":{"line":46,"column":9}},{"start":{},"end":{}}],"line":44},"1":{"loc":{"start":{"line":53,"column":8},"end":{"line":55,"column":9}},"type":"if","locations":[{"start":{"line":53,"column":8},"end":{"line":55,"column":9}},{"start":{},"end":{}}],"line":53},"2":{"loc":{"start":{"line":64,"column":15},"end":{"line":64,"column":53}},"type":"cond-expr","locations":[{"start":{"line":64,"column":25},"end":{"line":64,"column":46}},{"start":{"line":64,"column":49},"end":{"line":64,"column":53}}],"line":64},"3":{"loc":{"start":{"line":76,"column":12},"end":{"line":76,"column":55}},"type":"binary-expr","locations":[{"start":{"line":76,"column":12},"end":{"line":76,"column":42}},{"start":{"line":76,"column":46},"end":{"line":76,"column":55}}],"line":76},"4":{"loc":{"start":{"line":79,"column":8},"end":{"line":81,"column":9}},"type":"if","locations":[{"start":{"line":79,"column":8},"end":{"line":81,"column":9}},{"start":{},"end":{}}],"line":79},"5":{"loc":{"start":{"line":104,"column":0},"end":{"line":104,"column":60}},"type":"if","locations":[{"start":{"line":104,"column":0},"end":{"line":104,"column":60}},{"start":{},"end":{}}],"line":104}},"s":{"0":21,"1":21,"2":21,"3":0,"4":0,"5":30,"6":2,"7":4,"8":20,"9":20,"10":15,"11":20,"12":3,"13":3,"14":2,"15":7,"16":7,"17":5,"18":5,"19":5,"20":1,"21":4,"22":4,"23":4,"24":6,"25":4,"26":0,"27":0,"28":3,"29":3,"30":1,"31":1},"f":{"0":21,"1":0,"2":30,"3":2,"4":20,"5":3,"6":7,"7":5,"8":5,"9":4,"10":6,"11":0,"12":0,"13":3},"b":{"0":[15,5],"1":[2,1],"2":[6,1],"3":[5,1],"4":[1,4],"5":[1,0]},"_coverageSchema":"1a1c01bbd47fc00a2c39e90264f33305004495a9","hash":"57c3c0cb067c71f37e0152fa2dc338a5d75faecd"}
,"/home/oliver/Documents/softwareengineering/2026-group-19/src/ecs/components/physics/position.js": {"path":"/home/oliver/Documents/softwareengineering/2026-group-19/src/ecs/components/physics/position.js","statementMap":{"0":{"start":{"line":4,"column":8},"end":{"line":4,"column":19}},"1":{"start":{"line":5,"column":8},"end":{"line":5,"column":19}},"2":{"start":{"line":6,"column":8},"end":{"line":6,"column":27}},"3":{"start":{"line":7,"column":8},"end":{"line":7,"column":29}},"4":{"start":{"line":13,"column":8},"end":{"line":13,"column":114}},"5":{"start":{"line":17,"column":0},"end":{"line":17,"column":65}},"6":{"start":{"line":17,"column":35},"end":{"line":17,"column":65}}},"fnMap":{"0":{"name":"(anonymous_0)","decl":{"start":{"line":2,"column":4},"end":{"line":2,"column":5}},"loc":{"start":{"line":2,"column":37},"end":{"line":8,"column":5}},"line":2},"1":{"name":"(anonymous_1)","decl":{"start":{"line":10,"column":4},"end":{"line":10,"column":5}},"loc":{"start":{"line":10,"column":21},"end":{"line":14,"column":5}},"line":10}},"branchMap":{"0":{"loc":{"start":{"line":17,"column":0},"end":{"line":17,"column":65}},"type":"if","locations":[{"start":{"line":17,"column":0},"end":{"line":17,"column":65}},{"start":{},"end":{}}],"line":17}},"s":{"0":8,"1":8,"2":8,"3":8,"4":7,"5":1,"6":1},"f":{"0":8,"1":7},"b":{"0":[1,0]},"_coverageSchema":"1a1c01bbd47fc00a2c39e90264f33305004495a9","hash":"9e539a06752d657e128505fa109d976ad4a383cf"}
}
