TN:
SF:src/config/level_factory.js
FN:8,(anonymous_0)
FN:9,(anonymous_1)
FN:11,(anonymous_2)
FN:52,(anonymous_3)
FN:53,(anonymous_4)
FNF:5
FNH:5
FNDA:88,(anonymous_0)
FNDA:104,(anonymous_1)
FNDA:8,(anonymous_2)
FNDA:15,(anonymous_3)
FNDA:16,(anonymous_4)
DA:1,1
DA:2,1
DA:8,88
DA:9,104
DA:12,8
DA:13,8
DA:15,8
DA:17,8
DA:24,8
DA:25,8
DA:26,8
DA:27,8
DA:28,8
DA:29,8
DA:30,8
DA:31,8
DA:32,8
DA:33,8
DA:34,8
DA:35,8
DA:37,8
DA:53,15
DA:54,16
DA:55,16
DA:56,16
DA:57,16
DA:58,16
DA:63,1
LF:28
LH:28
BRDA:11,0,0,1
BRDA:15,1,0,8
BRDA:15,1,1,1
BRDA:19,2,0,8
BRDA:19,2,1,7
BRDA:63,3,0,1
BRDA:63,3,1,0
BRF:7
BRH:6
end_of_record
TN:
SF:src/config/level_templates.js
FNF:0
FNH:0
DA:1,1
DA:74,1
LF:2
LH:2
BRDA:74,0,0,1
BRDA:74,0,1,0
BRF:2
BRH:1
end_of_record
TN:
SF:src/ecs/ecs.js
FN:2,(anonymous_0)
FN:20,(anonymous_1)
FN:26,(anonymous_2)
FN:30,(anonymous_3)
FN:36,(anonymous_4)
FN:51,(anonymous_5)
FN:59,(anonymous_6)
FN:67,(anonymous_7)
FN:75,(anonymous_8)
FN:85,(anonymous_9)
FN:86,(anonymous_10)
FN:93,(anonymous_11)
FN:94,(anonymous_12)
FN:98,(anonymous_13)
FNF:14
FNH:11
FNDA:21,(anonymous_0)
FNDA:0,(anonymous_1)
FNDA:30,(anonymous_2)
FNDA:2,(anonymous_3)
FNDA:20,(anonymous_4)
FNDA:3,(anonymous_5)
FNDA:7,(anonymous_6)
FNDA:5,(anonymous_7)
FNDA:5,(anonymous_8)
FNDA:4,(anonymous_9)
FNDA:6,(anonymous_10)
FNDA:0,(anonymous_11)
FNDA:0,(anonymous_12)
FNDA:3,(anonymous_13)
DA:4,21
DA:16,21
DA:17,21
DA:21,0
DA:22,0
DA:27,30
DA:31,2
DA:32,4
DA:42,20
DA:44,20
DA:45,15
DA:47,20
DA:52,3
DA:53,3
DA:54,2
DA:63,7
DA:64,7
DA:75,5
DA:76,5
DA:79,5
DA:80,1
DA:84,4
DA:85,4
DA:86,6
DA:90,4
DA:94,0
DA:99,3
DA:100,3
DA:104,1
LF:29
LH:26
BRDA:44,0,0,15
BRDA:44,0,1,5
BRDA:53,1,0,2
BRDA:53,1,1,1
BRDA:64,2,0,6
BRDA:64,2,1,1
BRDA:76,3,0,5
BRDA:76,3,1,1
BRDA:79,4,0,1
BRDA:79,4,1,4
BRDA:104,5,0,1
BRDA:104,5,1,0
BRF:12
BRH:11
end_of_record
TN:
SF:src/ecs/components/physics/position.js
FN:2,(anonymous_0)
FN:10,(anonymous_1)
FNF:2
FNH:2
FNDA:8,(anonymous_0)
FNDA:7,(anonymous_1)
DA:4,8
DA:5,8
DA:6,8
DA:7,8
DA:13,7
DA:17,1
LF:6
LH:6
BRDA:17,0,0,1
BRDA:17,0,1,0
BRF:2
BRH:1
end_of_record
